<?xml version="1.0" encoding="UTF-8"?>
<!-- Generated by org.testng.reporters.JUnitXMLReporter -->
<testsuite ignored="0" hostname="krogon" failures="0" tests="3" name="Test" time="27.43" errors="0" timestamp="18 Sep 2022 04:40:26 GMT">
  <testcase classname="TestCases.SimplilearnLoginTest" name="Test1" time="5.694"/>
  <testcase classname="TestCases.SimplilearnLoginTest" name="Test2" time="5.222"/>
  <testcase classname="TestCases.SimplilearnLoginTest" name="Test3" time="5.332"/>
</testsuite> <!-- Test -->
