<?xml version="1.0" encoding="UTF-8"?>
<!-- Generated by org.testng.reporters.JUnitXMLReporter -->
<testsuite hostname="krogon" ignored="0" name="Test" tests="3" failures="0" timestamp="18 Sep 2022 06:33:33 GMT" time="24.514" errors="0">
  <testcase name="Test1" time="4.572" classname="TestCases.SimplilearnLoginTest"/>
  <testcase name="Test2" time="2.961" classname="TestCases.SimplilearnLoginTest"/>
  <testcase name="Test3" time="6.738" classname="TestCases.SimplilearnLoginTest"/>
</testsuite> <!-- Test -->
