<?xml version="1.0" encoding="UTF-8"?>
<testng-results ignored="0" total="3" passed="3" failed="0" skipped="0">
  <reporter-output>
  </reporter-output>
  <suite started-at="2022-09-18T04:39:59Z" name="Suite" finished-at="2022-09-18T04:40:26Z" duration-ms="27430">
    <groups>
    </groups>
    <test started-at="2022-09-18T04:39:59Z" name="Test" finished-at="2022-09-18T04:40:26Z" duration-ms="27430">
      <class name="TestCases.SimplilearnLoginTest">
        <test-method is-config="true" signature="DataSetUp()[pri:0, instance:TestCases.SimplilearnLoginTest@38ba6ce3]" started-at="2022-09-18T04:39:59Z" name="DataSetUp" finished-at="2022-09-18T04:40:00Z" duration-ms="584" status="PASS">
          <reporter-output>
          </reporter-output>
        </test-method> <!-- DataSetUp -->
        <test-method is-config="true" signature="SetUp(java.lang.reflect.Method)[pri:0, instance:TestCases.SimplilearnLoginTest@38ba6ce3]" started-at="2022-09-18T04:40:00Z" name="SetUp" finished-at="2022-09-18T04:40:02Z" duration-ms="2135" status="PASS">
          <params>
            <param index="0">
              <value>
                <![CDATA[public void TestCases.SimplilearnLoginTest.Test1()]]>
              </value>
            </param>
          </params>
          <reporter-output>
          </reporter-output>
        </test-method> <!-- SetUp -->
        <test-method signature="Test1()[pri:0, instance:TestCases.SimplilearnLoginTest@38ba6ce3]" started-at="2022-09-18T04:40:02Z" name="Test1" finished-at="2022-09-18T04:40:07Z" duration-ms="5694" status="PASS">
          <reporter-output>
          </reporter-output>
        </test-method> <!-- Test1 -->
        <test-method is-config="true" signature="TearDown()[pri:0, instance:TestCases.SimplilearnLoginTest@38ba6ce3]" started-at="2022-09-18T04:40:07Z" name="TearDown" finished-at="2022-09-18T04:40:10Z" duration-ms="2426" status="PASS">
          <reporter-output>
          </reporter-output>
        </test-method> <!-- TearDown -->
        <test-method is-config="true" signature="SetUp(java.lang.reflect.Method)[pri:0, instance:TestCases.SimplilearnLoginTest@38ba6ce3]" started-at="2022-09-18T04:40:10Z" name="SetUp" finished-at="2022-09-18T04:40:12Z" duration-ms="1787" status="PASS">
          <params>
            <param index="0">
              <value>
                <![CDATA[public void TestCases.SimplilearnLoginTest.Test2(java.lang.String,java.lang.String)]]>
              </value>
            </param>
          </params>
          <reporter-output>
          </reporter-output>
        </test-method> <!-- SetUp -->
        <test-method signature="Test2(java.lang.String, java.lang.String)[pri:0, instance:TestCases.SimplilearnLoginTest@38ba6ce3]" started-at="2022-09-18T04:40:12Z" name="Test2" finished-at="2022-09-18T04:40:17Z" duration-ms="5222" status="PASS">
          <params>
            <param index="0">
              <value>
                <![CDATA[abc@xyz.com]]>
              </value>
            </param>
            <param index="1">
              <value>
                <![CDATA[abc@1234]]>
              </value>
            </param>
          </params>
          <reporter-output>
          </reporter-output>
        </test-method> <!-- Test2 -->
        <test-method is-config="true" signature="TearDown()[pri:0, instance:TestCases.SimplilearnLoginTest@38ba6ce3]" started-at="2022-09-18T04:40:17Z" name="TearDown" finished-at="2022-09-18T04:40:17Z" duration-ms="124" status="PASS">
          <reporter-output>
          </reporter-output>
        </test-method> <!-- TearDown -->
        <test-method is-config="true" signature="SetUp(java.lang.reflect.Method)[pri:0, instance:TestCases.SimplilearnLoginTest@38ba6ce3]" started-at="2022-09-18T04:40:17Z" name="SetUp" finished-at="2022-09-18T04:40:19Z" duration-ms="1542" status="PASS">
          <params>
            <param index="0">
              <value>
                <![CDATA[public void TestCases.SimplilearnLoginTest.Test3()]]>
              </value>
            </param>
          </params>
          <reporter-output>
          </reporter-output>
        </test-method> <!-- SetUp -->
        <test-method signature="Test3()[pri:0, instance:TestCases.SimplilearnLoginTest@38ba6ce3]" started-at="2022-09-18T04:40:19Z" name="Test3" finished-at="2022-09-18T04:40:24Z" duration-ms="5332" status="PASS">
          <reporter-output>
          </reporter-output>
        </test-method> <!-- Test3 -->
        <test-method is-config="true" signature="TearDown()[pri:0, instance:TestCases.SimplilearnLoginTest@38ba6ce3]" started-at="2022-09-18T04:40:24Z" name="TearDown" finished-at="2022-09-18T04:40:26Z" duration-ms="2414" status="PASS">
          <reporter-output>
          </reporter-output>
        </test-method> <!-- TearDown -->
        <test-method is-config="true" signature="DataClean()[pri:0, instance:TestCases.SimplilearnLoginTest@38ba6ce3]" started-at="2022-09-18T04:40:26Z" name="DataClean" finished-at="2022-09-18T04:40:26Z" duration-ms="152" status="PASS">
          <reporter-output>
          </reporter-output>
        </test-method> <!-- DataClean -->
      </class> <!-- TestCases.SimplilearnLoginTest -->
    </test> <!-- Test -->
  </suite> <!-- Suite -->
</testng-results>
